Node list                    : node060
Number of nodes allocated    : 1 or 1
Number of threads or processes          : 40
Number of processes per node : 40
Requested tasks per node     : 
Requested CPUs per task      : 
Scheduling priority          : 0
compiling mpi_quad.c to mpi_quad.exe
Running mpi_quad.exe with 1 MPI processes
rank 0: whole code: 0.772600 seconds (of which loop took 0.772593 seconds)
Running mpi_quad.exe with 2 MPI processes
rank 0: whole code: 0.389974 seconds (of which loop took 0.389586 seconds)
rank 1: whole code: 0.389973 seconds (of which loop took 0.389949 seconds)
Running mpi_quad.exe with 3 MPI processes
rank 0: whole code: 0.276093 seconds (of which loop took 0.273051 seconds)
rank 1: whole code: 0.276104 seconds (of which loop took 0.276081 seconds)
rank 2: whole code: 0.273502 seconds (of which loop took 0.273478 seconds)
Running mpi_quad.exe with 4 MPI processes
rank 0: whole code: 0.243603 seconds (of which loop took 0.237544 seconds)
rank 1: whole code: 0.243372 seconds (of which loop took 0.243349 seconds)
rank 2: whole code: 0.243739 seconds (of which loop took 0.243717 seconds)
rank 3: whole code: 0.243103 seconds (of which loop took 0.243077 seconds)
Running mpi_quad.exe with 5 MPI processes
rank 0: whole code: 0.183259 seconds (of which loop took 0.176105 seconds)
rank 1: whole code: 0.182178 seconds (of which loop took 0.182157 seconds)
rank 2: whole code: 0.182550 seconds (of which loop took 0.182530 seconds)
rank 3: whole code: 0.182355 seconds (of which loop took 0.182334 seconds)
rank 4: whole code: 0.181102 seconds (of which loop took 0.181078 seconds)
Running mpi_quad.exe with 6 MPI processes
rank 0: whole code: 0.162811 seconds (of which loop took 0.153898 seconds)
rank 1: whole code: 0.156166 seconds (of which loop took 0.156146 seconds)
rank 2: whole code: 0.156185 seconds (of which loop took 0.156160 seconds)
rank 3: whole code: 0.162569 seconds (of which loop took 0.162549 seconds)
rank 4: whole code: 0.162418 seconds (of which loop took 0.162397 seconds)
rank 5: whole code: 0.162583 seconds (of which loop took 0.162558 seconds)
Running mpi_quad.exe with 7 MPI processes
rank 0: whole code: 0.140922 seconds (of which loop took 0.136704 seconds)
rank 1: whole code: 0.137735 seconds (of which loop took 0.137712 seconds)
rank 2: whole code: 0.139488 seconds (of which loop took 0.139467 seconds)
rank 3: whole code: 0.140783 seconds (of which loop took 0.140762 seconds)
rank 4: whole code: 0.136437 seconds (of which loop took 0.136409 seconds)
rank 5: whole code: 0.137442 seconds (of which loop took 0.137418 seconds)
rank 6: whole code: 0.137421 seconds (of which loop took 0.137398 seconds)
Running mpi_quad.exe with 8 MPI processes
rank 0: whole code: 0.129944 seconds (of which loop took 0.124462 seconds)
rank 1: whole code: 0.128133 seconds (of which loop took 0.128111 seconds)
rank 2: whole code: 0.125672 seconds (of which loop took 0.125649 seconds)
rank 3: whole code: 0.128134 seconds (of which loop took 0.128112 seconds)
rank 4: whole code: 0.124231 seconds (of which loop took 0.124209 seconds)
rank 5: whole code: 0.125814 seconds (of which loop took 0.125792 seconds)
rank 6: whole code: 0.129662 seconds (of which loop took 0.129639 seconds)
rank 7: whole code: 0.124230 seconds (of which loop took 0.124201 seconds)
Running mpi_quad.exe with 9 MPI processes
rank 0: whole code: 0.117362 seconds (of which loop took 0.113303 seconds)
rank 1: whole code: 0.113953 seconds (of which loop took 0.113931 seconds)
rank 2: whole code: 0.113756 seconds (of which loop took 0.113732 seconds)
rank 3: whole code: 0.117135 seconds (of which loop took 0.117113 seconds)
rank 4: whole code: 0.114675 seconds (of which loop took 0.114654 seconds)
rank 5: whole code: 0.112637 seconds (of which loop took 0.112607 seconds)
rank 6: whole code: 0.112571 seconds (of which loop took 0.112551 seconds)
rank 7: whole code: 0.112347 seconds (of which loop took 0.112326 seconds)
rank 8: whole code: 0.112687 seconds (of which loop took 0.112666 seconds)
Running mpi_quad.exe with 10 MPI processes
rank 0: whole code: 0.106592 seconds (of which loop took 0.104527 seconds)
rank 1: whole code: 0.102948 seconds (of which loop took 0.102926 seconds)
rank 2: whole code: 0.102617 seconds (of which loop took 0.102585 seconds)
rank 3: whole code: 0.106637 seconds (of which loop took 0.106615 seconds)
rank 4: whole code: 0.103196 seconds (of which loop took 0.103174 seconds)
rank 5: whole code: 0.102865 seconds (of which loop took 0.102842 seconds)
rank 6: whole code: 0.102871 seconds (of which loop took 0.102846 seconds)
rank 7: whole code: 0.102653 seconds (of which loop took 0.102627 seconds)
rank 8: whole code: 0.102913 seconds (of which loop took 0.102891 seconds)
rank 9: whole code: 0.104246 seconds (of which loop took 0.104223 seconds)
Running mpi_quad.exe with 11 MPI processes
rank 0: whole code: 0.097250 seconds (of which loop took 0.097196 seconds)
rank 1: whole code: 0.096471 seconds (of which loop took 0.096447 seconds)
rank 2: whole code: 0.095334 seconds (of which loop took 0.095312 seconds)
rank 3: whole code: 0.095763 seconds (of which loop took 0.095741 seconds)
rank 4: whole code: 0.095071 seconds (of which loop took 0.095047 seconds)
rank 5: whole code: 0.095441 seconds (of which loop took 0.095421 seconds)
rank 6: whole code: 0.095153 seconds (of which loop took 0.095131 seconds)
rank 7: whole code: 0.096892 seconds (of which loop took 0.096869 seconds)
rank 8: whole code: 0.092134 seconds (of which loop took 0.092106 seconds)
rank 9: whole code: 0.095173 seconds (of which loop took 0.095150 seconds)
rank 10: whole code: 0.096679 seconds (of which loop took 0.096658 seconds)
Running mpi_quad.exe with 12 MPI processes
rank 0: whole code: 0.089568 seconds (of which loop took 0.085276 seconds)
rank 1: whole code: 0.089780 seconds (of which loop took 0.089758 seconds)
rank 2: whole code: 0.088383 seconds (of which loop took 0.088360 seconds)
rank 3: whole code: 0.086331 seconds (of which loop took 0.086310 seconds)
rank 4: whole code: 0.086173 seconds (of which loop took 0.086149 seconds)
rank 5: whole code: 0.086060 seconds (of which loop took 0.086038 seconds)
rank 6: whole code: 0.086171 seconds (of which loop took 0.086147 seconds)
rank 7: whole code: 0.085828 seconds (of which loop took 0.085803 seconds)
rank 8: whole code: 0.087806 seconds (of which loop took 0.087785 seconds)
rank 9: whole code: 0.087803 seconds (of which loop took 0.087781 seconds)
rank 10: whole code: 0.087164 seconds (of which loop took 0.087143 seconds)
rank 11: whole code: 0.087272 seconds (of which loop took 0.087249 seconds)
Running mpi_quad.exe with 13 MPI processes
rank 0: whole code: 0.083764 seconds (of which loop took 0.082581 seconds)
rank 1: whole code: 0.080168 seconds (of which loop took 0.080147 seconds)
rank 2: whole code: 0.081013 seconds (of which loop took 0.080986 seconds)
rank 3: whole code: 0.079740 seconds (of which loop took 0.079708 seconds)
rank 4: whole code: 0.080914 seconds (of which loop took 0.080893 seconds)
rank 5: whole code: 0.080119 seconds (of which loop took 0.080096 seconds)
rank 6: whole code: 0.080486 seconds (of which loop took 0.080463 seconds)
rank 7: whole code: 0.081077 seconds (of which loop took 0.081052 seconds)
rank 8: whole code: 0.079651 seconds (of which loop took 0.079629 seconds)
rank 9: whole code: 0.079712 seconds (of which loop took 0.079683 seconds)
rank 10: whole code: 0.080397 seconds (of which loop took 0.080375 seconds)
rank 11: whole code: 0.083855 seconds (of which loop took 0.083832 seconds)
rank 12: whole code: 0.082548 seconds (of which loop took 0.082525 seconds)
Running mpi_quad.exe with 14 MPI processes
rank 0: whole code: 0.080590 seconds (of which loop took 0.077751 seconds)
rank 1: whole code: 0.077847 seconds (of which loop took 0.077823 seconds)
rank 2: whole code: 0.075940 seconds (of which loop took 0.075915 seconds)
rank 3: whole code: 0.078022 seconds (of which loop took 0.077998 seconds)
rank 4: whole code: 0.080795 seconds (of which loop took 0.080772 seconds)
rank 5: whole code: 0.077753 seconds (of which loop took 0.077728 seconds)
rank 6: whole code: 0.078728 seconds (of which loop took 0.078706 seconds)
rank 7: whole code: 0.077923 seconds (of which loop took 0.077902 seconds)
rank 8: whole code: 0.078726 seconds (of which loop took 0.078704 seconds)
rank 9: whole code: 0.076429 seconds (of which loop took 0.076405 seconds)
rank 10: whole code: 0.076459 seconds (of which loop took 0.076435 seconds)
rank 11: whole code: 0.075707 seconds (of which loop took 0.075677 seconds)
rank 12: whole code: 0.077600 seconds (of which loop took 0.077576 seconds)
rank 13: whole code: 0.075908 seconds (of which loop took 0.075886 seconds)
Running mpi_quad.exe with 15 MPI processes
rank 0: whole code: 0.088939 seconds (of which loop took 0.088880 seconds)
rank 1: whole code: 0.071176 seconds (of which loop took 0.071153 seconds)
rank 2: whole code: 0.069911 seconds (of which loop took 0.069889 seconds)
rank 3: whole code: 0.068941 seconds (of which loop took 0.068918 seconds)
rank 4: whole code: 0.071379 seconds (of which loop took 0.071357 seconds)
rank 5: whole code: 0.068954 seconds (of which loop took 0.068932 seconds)
rank 6: whole code: 0.068655 seconds (of which loop took 0.068632 seconds)
rank 7: whole code: 0.068778 seconds (of which loop took 0.068752 seconds)
rank 8: whole code: 0.071363 seconds (of which loop took 0.071342 seconds)
rank 9: whole code: 0.068887 seconds (of which loop took 0.068864 seconds)
rank 10: whole code: 0.068670 seconds (of which loop took 0.068646 seconds)
rank 11: whole code: 0.068910 seconds (of which loop took 0.068888 seconds)
rank 12: whole code: 0.068777 seconds (of which loop took 0.068747 seconds)
rank 13: whole code: 0.068449 seconds (of which loop took 0.068428 seconds)
rank 14: whole code: 0.068452 seconds (of which loop took 0.068430 seconds)
Running mpi_quad.exe with 16 MPI processes
rank 0: whole code: 0.088476 seconds (of which loop took 0.084177 seconds)
rank 1: whole code: 0.065371 seconds (of which loop took 0.065348 seconds)
rank 2: whole code: 0.071562 seconds (of which loop took 0.071537 seconds)
rank 3: whole code: 0.065377 seconds (of which loop took 0.065355 seconds)
rank 4: whole code: 0.065349 seconds (of which loop took 0.065328 seconds)
rank 5: whole code: 0.067922 seconds (of which loop took 0.067899 seconds)
rank 6: whole code: 0.065394 seconds (of which loop took 0.065368 seconds)
rank 7: whole code: 0.087731 seconds (of which loop took 0.087704 seconds)
rank 8: whole code: 0.064945 seconds (of which loop took 0.064922 seconds)
rank 9: whole code: 0.065064 seconds (of which loop took 0.065036 seconds)
rank 10: whole code: 0.065485 seconds (of which loop took 0.065461 seconds)
rank 11: whole code: 0.069922 seconds (of which loop took 0.069897 seconds)
rank 12: whole code: 0.065467 seconds (of which loop took 0.065443 seconds)
rank 13: whole code: 0.065183 seconds (of which loop took 0.065163 seconds)
rank 14: whole code: 0.064884 seconds (of which loop took 0.064853 seconds)
rank 15: whole code: 0.065425 seconds (of which loop took 0.065403 seconds)
Running mpi_quad.exe with 17 MPI processes
rank 0: whole code: 0.065915 seconds (of which loop took 0.065394 seconds)
rank 1: whole code: 0.062527 seconds (of which loop took 0.062505 seconds)
rank 2: whole code: 0.061436 seconds (of which loop took 0.061411 seconds)
rank 3: whole code: 0.065377 seconds (of which loop took 0.065353 seconds)
rank 4: whole code: 0.061071 seconds (of which loop took 0.061034 seconds)
rank 5: whole code: 0.061852 seconds (of which loop took 0.061828 seconds)
rank 6: whole code: 0.065294 seconds (of which loop took 0.065272 seconds)
rank 7: whole code: 0.061775 seconds (of which loop took 0.061753 seconds)
rank 8: whole code: 0.061832 seconds (of which loop took 0.061805 seconds)
rank 9: whole code: 0.061785 seconds (of which loop took 0.061758 seconds)
rank 10: whole code: 0.062599 seconds (of which loop took 0.062575 seconds)
rank 11: whole code: 0.062964 seconds (of which loop took 0.062943 seconds)
rank 12: whole code: 0.063036 seconds (of which loop took 0.063013 seconds)
rank 13: whole code: 0.061175 seconds (of which loop took 0.061152 seconds)
rank 14: whole code: 0.060792 seconds (of which loop took 0.060767 seconds)
rank 15: whole code: 0.065244 seconds (of which loop took 0.065220 seconds)
rank 16: whole code: 0.061709 seconds (of which loop took 0.061685 seconds)
Running mpi_quad.exe with 18 MPI processes
rank 0: whole code: 0.076054 seconds (of which loop took 0.075989 seconds)
rank 1: whole code: 0.076142 seconds (of which loop took 0.076115 seconds)
rank 2: whole code: 0.062995 seconds (of which loop took 0.062972 seconds)
rank 3: whole code: 0.058415 seconds (of which loop took 0.058391 seconds)
rank 4: whole code: 0.060606 seconds (of which loop took 0.060584 seconds)
rank 5: whole code: 0.058106 seconds (of which loop took 0.058074 seconds)
rank 6: whole code: 0.058500 seconds (of which loop took 0.058477 seconds)
rank 7: whole code: 0.058417 seconds (of which loop took 0.058394 seconds)
rank 8: whole code: 0.058498 seconds (of which loop took 0.058477 seconds)
rank 9: whole code: 0.060602 seconds (of which loop took 0.060579 seconds)
rank 10: whole code: 0.058414 seconds (of which loop took 0.058389 seconds)
rank 11: whole code: 0.076140 seconds (of which loop took 0.076111 seconds)
rank 12: whole code: 0.058218 seconds (of which loop took 0.058195 seconds)
rank 13: whole code: 0.058267 seconds (of which loop took 0.058239 seconds)
rank 14: whole code: 0.058453 seconds (of which loop took 0.058429 seconds)
rank 15: whole code: 0.058214 seconds (of which loop took 0.058193 seconds)
rank 16: whole code: 0.076123 seconds (of which loop took 0.076095 seconds)
rank 17: whole code: 0.058460 seconds (of which loop took 0.058437 seconds)
Running mpi_quad.exe with 19 MPI processes
rank 0: whole code: 0.072830 seconds (of which loop took 0.072765 seconds)
rank 1: whole code: 0.061600 seconds (of which loop took 0.061576 seconds)
rank 2: whole code: 0.059240 seconds (of which loop took 0.059217 seconds)
rank 3: whole code: 0.057723 seconds (of which loop took 0.057700 seconds)
rank 4: whole code: 0.056270 seconds (of which loop took 0.056232 seconds)
rank 5: whole code: 0.062437 seconds (of which loop took 0.062413 seconds)
rank 6: whole code: 0.056274 seconds (of which loop took 0.056248 seconds)
rank 7: whole code: 0.057728 seconds (of which loop took 0.057704 seconds)
rank 8: whole code: 0.059842 seconds (of which loop took 0.059809 seconds)
rank 9: whole code: 0.057714 seconds (of which loop took 0.057692 seconds)
rank 10: whole code: 0.056218 seconds (of which loop took 0.056194 seconds)
rank 11: whole code: 0.056631 seconds (of which loop took 0.056608 seconds)
rank 12: whole code: 0.056246 seconds (of which loop took 0.056223 seconds)
rank 13: whole code: 0.056619 seconds (of which loop took 0.056597 seconds)
rank 14: whole code: 0.056630 seconds (of which loop took 0.056605 seconds)
rank 15: whole code: 0.056239 seconds (of which loop took 0.056217 seconds)
rank 16: whole code: 0.056654 seconds (of which loop took 0.056632 seconds)
rank 17: whole code: 0.056145 seconds (of which loop took 0.056118 seconds)
rank 18: whole code: 0.056235 seconds (of which loop took 0.056213 seconds)
Running mpi_quad.exe with 20 MPI processes
rank 0: whole code: 0.073004 seconds (of which loop took 0.070133 seconds)
rank 1: whole code: 0.052744 seconds (of which loop took 0.052722 seconds)
rank 2: whole code: 0.069845 seconds (of which loop took 0.069817 seconds)
rank 3: whole code: 0.052377 seconds (of which loop took 0.052353 seconds)
rank 4: whole code: 0.069833 seconds (of which loop took 0.069805 seconds)
rank 5: whole code: 0.054000 seconds (of which loop took 0.053977 seconds)
rank 6: whole code: 0.052809 seconds (of which loop took 0.052778 seconds)
rank 7: whole code: 0.055407 seconds (of which loop took 0.055382 seconds)
rank 8: whole code: 0.052455 seconds (of which loop took 0.052413 seconds)
rank 9: whole code: 0.073223 seconds (of which loop took 0.073195 seconds)
rank 10: whole code: 0.055311 seconds (of which loop took 0.055286 seconds)
rank 11: whole code: 0.054769 seconds (of which loop took 0.054745 seconds)
rank 12: whole code: 0.067273 seconds (of which loop took 0.067247 seconds)
rank 13: whole code: 0.069576 seconds (of which loop took 0.069546 seconds)
rank 14: whole code: 0.053297 seconds (of which loop took 0.053270 seconds)
rank 15: whole code: 0.052378 seconds (of which loop took 0.052355 seconds)
rank 16: whole code: 0.052208 seconds (of which loop took 0.052182 seconds)
rank 17: whole code: 0.052783 seconds (of which loop took 0.052753 seconds)
rank 18: whole code: 0.052397 seconds (of which loop took 0.052373 seconds)
rank 19: whole code: 0.052397 seconds (of which loop took 0.052373 seconds)
Running mpi_quad.exe with 21 MPI processes
rank 0: whole code: 0.068601 seconds (of which loop took 0.065629 seconds)
rank 1: whole code: 0.049150 seconds (of which loop took 0.049124 seconds)
rank 2: whole code: 0.049389 seconds (of which loop took 0.049366 seconds)
rank 3: whole code: 0.051728 seconds (of which loop took 0.051706 seconds)
rank 4: whole code: 0.050034 seconds (of which loop took 0.050011 seconds)
rank 5: whole code: 0.049263 seconds (of which loop took 0.049240 seconds)
rank 6: whole code: 0.049286 seconds (of which loop took 0.049263 seconds)
rank 7: whole code: 0.050678 seconds (of which loop took 0.050652 seconds)
rank 8: whole code: 0.068383 seconds (of which loop took 0.068356 seconds)
rank 9: whole code: 0.049314 seconds (of which loop took 0.049292 seconds)
rank 10: whole code: 0.049504 seconds (of which loop took 0.049482 seconds)
rank 11: whole code: 0.053979 seconds (of which loop took 0.053953 seconds)
rank 12: whole code: 0.049541 seconds (of which loop took 0.049517 seconds)
rank 13: whole code: 0.049191 seconds (of which loop took 0.049169 seconds)
rank 14: whole code: 0.049559 seconds (of which loop took 0.049529 seconds)
rank 15: whole code: 0.049293 seconds (of which loop took 0.049270 seconds)
rank 16: whole code: 0.048653 seconds (of which loop took 0.048630 seconds)
rank 17: whole code: 0.049450 seconds (of which loop took 0.049427 seconds)
rank 18: whole code: 0.048922 seconds (of which loop took 0.048884 seconds)
rank 19: whole code: 0.049204 seconds (of which loop took 0.049174 seconds)
rank 20: whole code: 0.049580 seconds (of which loop took 0.049557 seconds)
Running mpi_quad.exe with 22 MPI processes
rank 0: whole code: 0.063417 seconds (of which loop took 0.063174 seconds)
rank 1: whole code: 0.049242 seconds (of which loop took 0.049218 seconds)
rank 2: whole code: 0.049307 seconds (of which loop took 0.049279 seconds)
rank 3: whole code: 0.049815 seconds (of which loop took 0.049792 seconds)
rank 4: whole code: 0.063063 seconds (of which loop took 0.063036 seconds)
rank 5: whole code: 0.063174 seconds (of which loop took 0.063147 seconds)
rank 6: whole code: 0.051766 seconds (of which loop took 0.051741 seconds)
rank 7: whole code: 0.049976 seconds (of which loop took 0.049950 seconds)
rank 8: whole code: 0.049975 seconds (of which loop took 0.049952 seconds)
rank 9: whole code: 0.049984 seconds (of which loop took 0.049961 seconds)
rank 10: whole code: 0.054111 seconds (of which loop took 0.054088 seconds)
rank 11: whole code: 0.047740 seconds (of which loop took 0.047716 seconds)
rank 12: whole code: 0.047610 seconds (of which loop took 0.047587 seconds)
rank 13: whole code: 0.051877 seconds (of which loop took 0.051852 seconds)
rank 14: whole code: 0.047609 seconds (of which loop took 0.047578 seconds)
rank 15: whole code: 0.047710 seconds (of which loop took 0.047688 seconds)
rank 16: whole code: 0.047750 seconds (of which loop took 0.047728 seconds)
rank 17: whole code: 0.047567 seconds (of which loop took 0.047545 seconds)
rank 18: whole code: 0.047507 seconds (of which loop took 0.047486 seconds)
rank 19: whole code: 0.047502 seconds (of which loop took 0.047481 seconds)
rank 20: whole code: 0.047567 seconds (of which loop took 0.047545 seconds)
rank 21: whole code: 0.047322 seconds (of which loop took 0.047301 seconds)
Running mpi_quad.exe with 23 MPI processes
rank 0: whole code: 0.061083 seconds (of which loop took 0.061010 seconds)
rank 1: whole code: 0.044125 seconds (of which loop took 0.044102 seconds)
rank 2: whole code: 0.045984 seconds (of which loop took 0.045960 seconds)
rank 3: whole code: 0.044179 seconds (of which loop took 0.044156 seconds)
rank 4: whole code: 0.047907 seconds (of which loop took 0.047882 seconds)
rank 5: whole code: 0.044291 seconds (of which loop took 0.044268 seconds)
rank 6: whole code: 0.044432 seconds (of which loop took 0.044409 seconds)
rank 7: whole code: 0.044205 seconds (of which loop took 0.044171 seconds)
rank 8: whole code: 0.046022 seconds (of which loop took 0.046000 seconds)
rank 9: whole code: 0.044114 seconds (of which loop took 0.044091 seconds)
rank 10: whole code: 0.044385 seconds (of which loop took 0.044362 seconds)
rank 11: whole code: 0.046131 seconds (of which loop took 0.046105 seconds)
rank 12: whole code: 0.046073 seconds (of which loop took 0.046048 seconds)
rank 13: whole code: 0.044360 seconds (of which loop took 0.044337 seconds)
rank 14: whole code: 0.044334 seconds (of which loop took 0.044314 seconds)
rank 15: whole code: 0.044390 seconds (of which loop took 0.044368 seconds)
rank 16: whole code: 0.044344 seconds (of which loop took 0.044323 seconds)
rank 17: whole code: 0.046073 seconds (of which loop took 0.046049 seconds)
rank 18: whole code: 0.046092 seconds (of which loop took 0.046068 seconds)
rank 19: whole code: 0.044344 seconds (of which loop took 0.044318 seconds)
rank 20: whole code: 0.046039 seconds (of which loop took 0.046017 seconds)
rank 21: whole code: 0.044140 seconds (of which loop took 0.044114 seconds)
rank 22: whole code: 0.044430 seconds (of which loop took 0.044405 seconds)
Running mpi_quad.exe with 24 MPI processes
rank 0: whole code: 0.058794 seconds (of which loop took 0.058553 seconds)
rank 1: whole code: 0.042386 seconds (of which loop took 0.042362 seconds)
rank 2: whole code: 0.042506 seconds (of which loop took 0.042482 seconds)
rank 3: whole code: 0.042271 seconds (of which loop took 0.042247 seconds)
rank 4: whole code: 0.042728 seconds (of which loop took 0.042707 seconds)
rank 5: whole code: 0.042329 seconds (of which loop took 0.042306 seconds)
rank 6: whole code: 0.042394 seconds (of which loop took 0.042370 seconds)
rank 7: whole code: 0.045188 seconds (of which loop took 0.045158 seconds)
rank 8: whole code: 0.042661 seconds (of which loop took 0.042639 seconds)
rank 9: whole code: 0.058438 seconds (of which loop took 0.058410 seconds)
rank 10: whole code: 0.042041 seconds (of which loop took 0.042008 seconds)
rank 11: whole code: 0.058450 seconds (of which loop took 0.058422 seconds)
rank 12: whole code: 0.042485 seconds (of which loop took 0.042463 seconds)
rank 13: whole code: 0.042262 seconds (of which loop took 0.042236 seconds)
rank 14: whole code: 0.043849 seconds (of which loop took 0.043826 seconds)
rank 15: whole code: 0.058439 seconds (of which loop took 0.058410 seconds)
rank 16: whole code: 0.042389 seconds (of which loop took 0.042365 seconds)
rank 17: whole code: 0.046109 seconds (of which loop took 0.046085 seconds)
rank 18: whole code: 0.042508 seconds (of which loop took 0.042483 seconds)
rank 19: whole code: 0.042211 seconds (of which loop took 0.042189 seconds)
rank 20: whole code: 0.042475 seconds (of which loop took 0.042454 seconds)
rank 21: whole code: 0.042504 seconds (of which loop took 0.042480 seconds)
rank 22: whole code: 0.044388 seconds (of which loop took 0.044364 seconds)
rank 23: whole code: 0.042500 seconds (of which loop took 0.042477 seconds)
Running mpi_quad.exe with 25 MPI processes
rank 0: whole code: 0.056333 seconds (of which loop took 0.056262 seconds)
rank 1: whole code: 0.040886 seconds (of which loop took 0.040860 seconds)
rank 2: whole code: 0.040925 seconds (of which loop took 0.040903 seconds)
rank 3: whole code: 0.040946 seconds (of which loop took 0.040922 seconds)
rank 4: whole code: 0.040787 seconds (of which loop took 0.040764 seconds)
rank 5: whole code: 0.046115 seconds (of which loop took 0.046091 seconds)
rank 6: whole code: 0.040962 seconds (of which loop took 0.040940 seconds)
rank 7: whole code: 0.056369 seconds (of which loop took 0.056343 seconds)
rank 8: whole code: 0.044454 seconds (of which loop took 0.044430 seconds)
rank 9: whole code: 0.056427 seconds (of which loop took 0.056401 seconds)
rank 10: whole code: 0.056537 seconds (of which loop took 0.056511 seconds)
rank 11: whole code: 0.056401 seconds (of which loop took 0.056374 seconds)
rank 12: whole code: 0.056407 seconds (of which loop took 0.056377 seconds)
rank 13: whole code: 0.042824 seconds (of which loop took 0.042798 seconds)
rank 14: whole code: 0.040838 seconds (of which loop took 0.040806 seconds)
rank 15: whole code: 0.041242 seconds (of which loop took 0.041221 seconds)
rank 16: whole code: 0.040930 seconds (of which loop took 0.040906 seconds)
rank 17: whole code: 0.040922 seconds (of which loop took 0.040901 seconds)
rank 18: whole code: 0.041176 seconds (of which loop took 0.041152 seconds)
rank 19: whole code: 0.040997 seconds (of which loop took 0.040975 seconds)
rank 20: whole code: 0.041234 seconds (of which loop took 0.041213 seconds)
rank 21: whole code: 0.040955 seconds (of which loop took 0.040929 seconds)
rank 22: whole code: 0.040943 seconds (of which loop took 0.040917 seconds)
rank 23: whole code: 0.040995 seconds (of which loop took 0.040971 seconds)
rank 24: whole code: 0.041168 seconds (of which loop took 0.041145 seconds)
Running mpi_quad.exe with 26 MPI processes
rank 0: whole code: 0.054944 seconds (of which loop took 0.054853 seconds)
rank 1: whole code: 0.039142 seconds (of which loop took 0.039119 seconds)
rank 2: whole code: 0.039780 seconds (of which loop took 0.039757 seconds)
rank 3: whole code: 0.039403 seconds (of which loop took 0.039378 seconds)
rank 4: whole code: 0.054523 seconds (of which loop took 0.054495 seconds)
rank 5: whole code: 0.041326 seconds (of which loop took 0.041303 seconds)
rank 6: whole code: 0.039357 seconds (of which loop took 0.039335 seconds)
rank 7: whole code: 0.039757 seconds (of which loop took 0.039736 seconds)
rank 8: whole code: 0.041318 seconds (of which loop took 0.041296 seconds)
rank 9: whole code: 0.054215 seconds (of which loop took 0.054187 seconds)
rank 10: whole code: 0.041252 seconds (of which loop took 0.041231 seconds)
rank 11: whole code: 0.039714 seconds (of which loop took 0.039692 seconds)
rank 12: whole code: 0.039224 seconds (of which loop took 0.039197 seconds)
rank 13: whole code: 0.039210 seconds (of which loop took 0.039188 seconds)
rank 14: whole code: 0.054630 seconds (of which loop took 0.054599 seconds)
rank 15: whole code: 0.039136 seconds (of which loop took 0.039114 seconds)
rank 16: whole code: 0.054533 seconds (of which loop took 0.054505 seconds)
rank 17: whole code: 0.054487 seconds (of which loop took 0.054457 seconds)
rank 18: whole code: 0.039230 seconds (of which loop took 0.039206 seconds)
rank 19: whole code: 0.039367 seconds (of which loop took 0.039345 seconds)
rank 20: whole code: 0.041326 seconds (of which loop took 0.041300 seconds)
rank 21: whole code: 0.054533 seconds (of which loop took 0.054504 seconds)
rank 22: whole code: 0.040736 seconds (of which loop took 0.040710 seconds)
rank 23: whole code: 0.039422 seconds (of which loop took 0.039395 seconds)
rank 24: whole code: 0.039279 seconds (of which loop took 0.039241 seconds)
rank 25: whole code: 0.039215 seconds (of which loop took 0.039192 seconds)
Running mpi_quad.exe with 27 MPI processes
rank 0: whole code: 0.052969 seconds (of which loop took 0.052892 seconds)
rank 1: whole code: 0.036908 seconds (of which loop took 0.036872 seconds)
rank 2: whole code: 0.052659 seconds (of which loop took 0.052632 seconds)
rank 3: whole code: 0.038772 seconds (of which loop took 0.038748 seconds)
rank 4: whole code: 0.037181 seconds (of which loop took 0.037156 seconds)
rank 5: whole code: 0.038624 seconds (of which loop took 0.038601 seconds)
rank 6: whole code: 0.037308 seconds (of which loop took 0.037287 seconds)
rank 7: whole code: 0.052221 seconds (of which loop took 0.052194 seconds)
rank 8: whole code: 0.037166 seconds (of which loop took 0.037143 seconds)
rank 9: whole code: 0.052077 seconds (of which loop took 0.052046 seconds)
rank 10: whole code: 0.037312 seconds (of which loop took 0.037290 seconds)
rank 11: whole code: 0.039768 seconds (of which loop took 0.039746 seconds)
rank 12: whole code: 0.036889 seconds (of which loop took 0.036866 seconds)
rank 13: whole code: 0.039666 seconds (of which loop took 0.039642 seconds)
rank 14: whole code: 0.038728 seconds (of which loop took 0.038705 seconds)
rank 15: whole code: 0.038676 seconds (of which loop took 0.038653 seconds)
rank 16: whole code: 0.038732 seconds (of which loop took 0.038705 seconds)
rank 17: whole code: 0.038338 seconds (of which loop took 0.038316 seconds)
rank 18: whole code: 0.038218 seconds (of which loop took 0.038196 seconds)
rank 19: whole code: 0.038667 seconds (of which loop took 0.038643 seconds)
rank 20: whole code: 0.039774 seconds (of which loop took 0.039750 seconds)
rank 21: whole code: 0.037127 seconds (of which loop took 0.037103 seconds)
rank 22: whole code: 0.037106 seconds (of which loop took 0.037084 seconds)
rank 23: whole code: 0.037932 seconds (of which loop took 0.037906 seconds)
rank 24: whole code: 0.038266 seconds (of which loop took 0.038242 seconds)
rank 25: whole code: 0.038072 seconds (of which loop took 0.038049 seconds)
rank 26: whole code: 0.036920 seconds (of which loop took 0.036885 seconds)
Running mpi_quad.exe with 28 MPI processes
rank 0: whole code: 0.051506 seconds (of which loop took 0.050710 seconds)
rank 1: whole code: 0.035661 seconds (of which loop took 0.035638 seconds)
rank 2: whole code: 0.035164 seconds (of which loop took 0.035139 seconds)
rank 3: whole code: 0.051056 seconds (of which loop took 0.051028 seconds)
rank 4: whole code: 0.035557 seconds (of which loop took 0.035533 seconds)
rank 5: whole code: 0.051065 seconds (of which loop took 0.051037 seconds)
rank 6: whole code: 0.035731 seconds (of which loop took 0.035705 seconds)
rank 7: whole code: 0.035692 seconds (of which loop took 0.035668 seconds)
rank 8: whole code: 0.037523 seconds (of which loop took 0.037500 seconds)
rank 9: whole code: 0.051158 seconds (of which loop took 0.051129 seconds)
rank 10: whole code: 0.035736 seconds (of which loop took 0.035715 seconds)
rank 11: whole code: 0.051075 seconds (of which loop took 0.051048 seconds)
rank 12: whole code: 0.037037 seconds (of which loop took 0.037014 seconds)
rank 13: whole code: 0.051173 seconds (of which loop took 0.051145 seconds)
rank 14: whole code: 0.051179 seconds (of which loop took 0.051147 seconds)
rank 15: whole code: 0.039315 seconds (of which loop took 0.039291 seconds)
rank 16: whole code: 0.035204 seconds (of which loop took 0.035181 seconds)
rank 17: whole code: 0.050915 seconds (of which loop took 0.050887 seconds)
rank 18: whole code: 0.036447 seconds (of which loop took 0.036423 seconds)
rank 19: whole code: 0.035594 seconds (of which loop took 0.035571 seconds)
rank 20: whole code: 0.035753 seconds (of which loop took 0.035730 seconds)
rank 21: whole code: 0.035640 seconds (of which loop took 0.035617 seconds)
rank 22: whole code: 0.035696 seconds (of which loop took 0.035672 seconds)
rank 23: whole code: 0.035203 seconds (of which loop took 0.035178 seconds)
rank 24: whole code: 0.035203 seconds (of which loop took 0.035179 seconds)
rank 25: whole code: 0.035215 seconds (of which loop took 0.035183 seconds)
rank 26: whole code: 0.035722 seconds (of which loop took 0.035696 seconds)
rank 27: whole code: 0.035766 seconds (of which loop took 0.035740 seconds)
Running mpi_quad.exe with 29 MPI processes
rank 0: whole code: 0.049708 seconds (of which loop took 0.048828 seconds)
rank 1: whole code: 0.033261 seconds (of which loop took 0.033238 seconds)
rank 2: whole code: 0.049295 seconds (of which loop took 0.049269 seconds)
rank 3: whole code: 0.033607 seconds (of which loop took 0.033586 seconds)
rank 4: whole code: 0.033951 seconds (of which loop took 0.033926 seconds)
rank 5: whole code: 0.033518 seconds (of which loop took 0.033491 seconds)
rank 6: whole code: 0.033938 seconds (of which loop took 0.033916 seconds)
rank 7: whole code: 0.033880 seconds (of which loop took 0.033856 seconds)
rank 8: whole code: 0.049681 seconds (of which loop took 0.049654 seconds)
rank 9: whole code: 0.033945 seconds (of which loop took 0.033923 seconds)
rank 10: whole code: 0.033597 seconds (of which loop took 0.033575 seconds)
rank 11: whole code: 0.049668 seconds (of which loop took 0.049638 seconds)
rank 12: whole code: 0.033970 seconds (of which loop took 0.033949 seconds)
rank 13: whole code: 0.049784 seconds (of which loop took 0.049754 seconds)
rank 14: whole code: 0.033589 seconds (of which loop took 0.033564 seconds)
rank 15: whole code: 0.033711 seconds (of which loop took 0.033691 seconds)
rank 16: whole code: 0.033746 seconds (of which loop took 0.033715 seconds)
rank 17: whole code: 0.049631 seconds (of which loop took 0.049604 seconds)
rank 18: whole code: 0.033601 seconds (of which loop took 0.033579 seconds)
rank 19: whole code: 0.034240 seconds (of which loop took 0.034217 seconds)
rank 20: whole code: 0.033717 seconds (of which loop took 0.033695 seconds)
rank 21: whole code: 0.034319 seconds (of which loop took 0.034296 seconds)
rank 22: whole code: 0.033531 seconds (of which loop took 0.033508 seconds)
rank 23: whole code: 0.049738 seconds (of which loop took 0.049708 seconds)
rank 24: whole code: 0.034052 seconds (of which loop took 0.034027 seconds)
rank 25: whole code: 0.033606 seconds (of which loop took 0.033584 seconds)
rank 26: whole code: 0.049760 seconds (of which loop took 0.049729 seconds)
rank 27: whole code: 0.049747 seconds (of which loop took 0.049717 seconds)
rank 28: whole code: 0.049650 seconds (of which loop took 0.049618 seconds)
Running mpi_quad.exe with 30 MPI processes
rank 0: whole code: 0.048448 seconds (of which loop took 0.047898 seconds)
rank 1: whole code: 0.032605 seconds (of which loop took 0.032584 seconds)
rank 2: whole code: 0.032763 seconds (of which loop took 0.032730 seconds)
rank 3: whole code: 0.034653 seconds (of which loop took 0.034629 seconds)
rank 4: whole code: 0.032727 seconds (of which loop took 0.032703 seconds)
rank 5: whole code: 0.033959 seconds (of which loop took 0.033936 seconds)
rank 6: whole code: 0.036130 seconds (of which loop took 0.036106 seconds)
rank 7: whole code: 0.032727 seconds (of which loop took 0.032706 seconds)
rank 8: whole code: 0.048068 seconds (of which loop took 0.048039 seconds)
rank 9: whole code: 0.047936 seconds (of which loop took 0.047907 seconds)
rank 10: whole code: 0.033482 seconds (of which loop took 0.033459 seconds)
rank 11: whole code: 0.032934 seconds (of which loop took 0.032912 seconds)
rank 12: whole code: 0.032721 seconds (of which loop took 0.032699 seconds)
rank 13: whole code: 0.032727 seconds (of which loop took 0.032705 seconds)
rank 14: whole code: 0.032945 seconds (of which loop took 0.032922 seconds)
rank 15: whole code: 0.033879 seconds (of which loop took 0.033856 seconds)
rank 16: whole code: 0.048098 seconds (of which loop took 0.048062 seconds)
rank 17: whole code: 0.047965 seconds (of which loop took 0.047937 seconds)
rank 18: whole code: 0.047995 seconds (of which loop took 0.047967 seconds)
rank 19: whole code: 0.047986 seconds (of which loop took 0.047956 seconds)
rank 20: whole code: 0.033889 seconds (of which loop took 0.033868 seconds)
rank 21: whole code: 0.047956 seconds (of which loop took 0.047929 seconds)
rank 22: whole code: 0.034192 seconds (of which loop took 0.034166 seconds)
rank 23: whole code: 0.034115 seconds (of which loop took 0.034091 seconds)
rank 24: whole code: 0.047982 seconds (of which loop took 0.047953 seconds)
rank 25: whole code: 0.034114 seconds (of which loop took 0.034088 seconds)
rank 26: whole code: 0.033205 seconds (of which loop took 0.033172 seconds)
rank 27: whole code: 0.033946 seconds (of which loop took 0.033921 seconds)
rank 28: whole code: 0.033678 seconds (of which loop took 0.033651 seconds)
rank 29: whole code: 0.033875 seconds (of which loop took 0.033852 seconds)
Running mpi_quad.exe with 31 MPI processes
rank 0: whole code: 0.047236 seconds (of which loop took 0.044902 seconds)
rank 1: whole code: 0.030948 seconds (of which loop took 0.030927 seconds)
rank 2: whole code: 0.032426 seconds (of which loop took 0.032404 seconds)
rank 3: whole code: 0.032781 seconds (of which loop took 0.032759 seconds)
rank 4: whole code: 0.046922 seconds (of which loop took 0.046893 seconds)
rank 5: whole code: 0.031114 seconds (of which loop took 0.031093 seconds)
rank 6: whole code: 0.046916 seconds (of which loop took 0.046889 seconds)
rank 7: whole code: 0.031930 seconds (of which loop took 0.031908 seconds)
rank 8: whole code: 0.031316 seconds (of which loop took 0.031292 seconds)
rank 9: whole code: 0.030948 seconds (of which loop took 0.030923 seconds)
rank 10: whole code: 0.030998 seconds (of which loop took 0.030977 seconds)
rank 11: whole code: 0.031002 seconds (of which loop took 0.030976 seconds)
rank 12: whole code: 0.031327 seconds (of which loop took 0.031305 seconds)
rank 13: whole code: 0.031180 seconds (of which loop took 0.031159 seconds)
rank 14: whole code: 0.031408 seconds (of which loop took 0.031385 seconds)
rank 15: whole code: 0.030940 seconds (of which loop took 0.030916 seconds)
rank 16: whole code: 0.030845 seconds (of which loop took 0.030813 seconds)
rank 17: whole code: 0.031323 seconds (of which loop took 0.031302 seconds)
rank 18: whole code: 0.046643 seconds (of which loop took 0.046613 seconds)
rank 19: whole code: 0.033235 seconds (of which loop took 0.033213 seconds)
rank 20: whole code: 0.046737 seconds (of which loop took 0.046704 seconds)
rank 21: whole code: 0.033081 seconds (of which loop took 0.033056 seconds)
rank 22: whole code: 0.031321 seconds (of which loop took 0.031295 seconds)
rank 23: whole code: 0.033247 seconds (of which loop took 0.033219 seconds)
rank 24: whole code: 0.031193 seconds (of which loop took 0.031167 seconds)
rank 25: whole code: 0.033257 seconds (of which loop took 0.033234 seconds)
rank 26: whole code: 0.030936 seconds (of which loop took 0.030913 seconds)
rank 27: whole code: 0.031048 seconds (of which loop took 0.031024 seconds)
rank 28: whole code: 0.046923 seconds (of which loop took 0.046893 seconds)
rank 29: whole code: 0.030871 seconds (of which loop took 0.030841 seconds)
rank 30: whole code: 0.031083 seconds (of which loop took 0.031060 seconds)
Running mpi_quad.exe with 32 MPI processes
rank 0: whole code: 0.046756 seconds (of which loop took 0.043972 seconds)
rank 1: whole code: 0.030034 seconds (of which loop took 0.030011 seconds)
rank 2: whole code: 0.030057 seconds (of which loop took 0.030036 seconds)
rank 3: whole code: 0.030040 seconds (of which loop took 0.030018 seconds)
rank 4: whole code: 0.029904 seconds (of which loop took 0.029870 seconds)
rank 5: whole code: 0.030045 seconds (of which loop took 0.030024 seconds)
rank 6: whole code: 0.029958 seconds (of which loop took 0.029936 seconds)
rank 7: whole code: 0.030043 seconds (of which loop took 0.030019 seconds)
rank 8: whole code: 0.029792 seconds (of which loop took 0.029768 seconds)
rank 9: whole code: 0.030025 seconds (of which loop took 0.030001 seconds)
rank 10: whole code: 0.030007 seconds (of which loop took 0.029986 seconds)
rank 11: whole code: 0.029938 seconds (of which loop took 0.029917 seconds)
rank 12: whole code: 0.029984 seconds (of which loop took 0.029961 seconds)
rank 13: whole code: 0.030034 seconds (of which loop took 0.030012 seconds)
rank 14: whole code: 0.030036 seconds (of which loop took 0.030015 seconds)
rank 15: whole code: 0.030009 seconds (of which loop took 0.029987 seconds)
rank 16: whole code: 0.032528 seconds (of which loop took 0.032505 seconds)
rank 17: whole code: 0.046195 seconds (of which loop took 0.046168 seconds)
rank 18: whole code: 0.046200 seconds (of which loop took 0.046172 seconds)
rank 19: whole code: 0.031263 seconds (of which loop took 0.031238 seconds)
rank 20: whole code: 0.030243 seconds (of which loop took 0.030223 seconds)
rank 21: whole code: 0.032443 seconds (of which loop took 0.032414 seconds)
rank 22: whole code: 0.030139 seconds (of which loop took 0.030112 seconds)
rank 23: whole code: 0.046241 seconds (of which loop took 0.046210 seconds)
rank 24: whole code: 0.046221 seconds (of which loop took 0.046190 seconds)
rank 25: whole code: 0.046231 seconds (of which loop took 0.046199 seconds)
rank 26: whole code: 0.046207 seconds (of which loop took 0.046177 seconds)
rank 27: whole code: 0.031321 seconds (of which loop took 0.031298 seconds)
rank 28: whole code: 0.046130 seconds (of which loop took 0.046098 seconds)
rank 29: whole code: 0.030251 seconds (of which loop took 0.030226 seconds)
rank 30: whole code: 0.041917 seconds (of which loop took 0.041886 seconds)
rank 31: whole code: 0.031371 seconds (of which loop took 0.031348 seconds)
Running mpi_quad.exe with 33 MPI processes
rank 0: whole code: 0.044560 seconds (of which loop took 0.044476 seconds)
rank 1: whole code: 0.028797 seconds (of which loop took 0.028776 seconds)
rank 2: whole code: 0.028847 seconds (of which loop took 0.028826 seconds)
rank 3: whole code: 0.028860 seconds (of which loop took 0.028832 seconds)
rank 4: whole code: 0.044216 seconds (of which loop took 0.044186 seconds)
rank 5: whole code: 0.028768 seconds (of which loop took 0.028748 seconds)
rank 6: whole code: 0.028861 seconds (of which loop took 0.028833 seconds)
rank 7: whole code: 0.029037 seconds (of which loop took 0.029016 seconds)
rank 8: whole code: 0.028836 seconds (of which loop took 0.028814 seconds)
rank 9: whole code: 0.029163 seconds (of which loop took 0.029142 seconds)
rank 10: whole code: 0.028896 seconds (of which loop took 0.028873 seconds)
rank 11: whole code: 0.028840 seconds (of which loop took 0.028819 seconds)
rank 12: whole code: 0.028868 seconds (of which loop took 0.028839 seconds)
rank 13: whole code: 0.044224 seconds (of which loop took 0.044195 seconds)
rank 14: whole code: 0.044241 seconds (of which loop took 0.044211 seconds)
rank 15: whole code: 0.044183 seconds (of which loop took 0.044153 seconds)
rank 16: whole code: 0.028839 seconds (of which loop took 0.028813 seconds)
rank 17: whole code: 0.028809 seconds (of which loop took 0.028788 seconds)
rank 18: whole code: 0.028380 seconds (of which loop took 0.028348 seconds)
rank 19: whole code: 0.044168 seconds (of which loop took 0.044135 seconds)
rank 20: whole code: 0.028555 seconds (of which loop took 0.028533 seconds)
rank 21: whole code: 0.028972 seconds (of which loop took 0.028950 seconds)
rank 22: whole code: 0.044093 seconds (of which loop took 0.044061 seconds)
rank 23: whole code: 0.028629 seconds (of which loop took 0.028606 seconds)
rank 24: whole code: 0.028825 seconds (of which loop took 0.028803 seconds)
rank 25: whole code: 0.028971 seconds (of which loop took 0.028949 seconds)
rank 26: whole code: 0.044242 seconds (of which loop took 0.044210 seconds)
rank 27: whole code: 0.028705 seconds (of which loop took 0.028683 seconds)
rank 28: whole code: 0.028941 seconds (of which loop took 0.028916 seconds)
rank 29: whole code: 0.028593 seconds (of which loop took 0.028564 seconds)
rank 30: whole code: 0.028754 seconds (of which loop took 0.028731 seconds)
rank 31: whole code: 0.044235 seconds (of which loop took 0.044204 seconds)
rank 32: whole code: 0.044046 seconds (of which loop took 0.044013 seconds)
Running mpi_quad.exe with 34 MPI processes
rank 0: whole code: 0.044772 seconds (of which loop took 0.027724 seconds)
rank 1: whole code: 0.027715 seconds (of which loop took 0.027692 seconds)
rank 2: whole code: 0.027838 seconds (of which loop took 0.027814 seconds)
rank 3: whole code: 0.029190 seconds (of which loop took 0.029169 seconds)
rank 4: whole code: 0.028308 seconds (of which loop took 0.028287 seconds)
rank 5: whole code: 0.042990 seconds (of which loop took 0.042961 seconds)
rank 6: whole code: 0.042968 seconds (of which loop took 0.042938 seconds)
rank 7: whole code: 0.027719 seconds (of which loop took 0.027692 seconds)
rank 8: whole code: 0.042992 seconds (of which loop took 0.042963 seconds)
rank 9: whole code: 0.027859 seconds (of which loop took 0.027834 seconds)
rank 10: whole code: 0.042958 seconds (of which loop took 0.042929 seconds)
rank 11: whole code: 0.028323 seconds (of which loop took 0.028299 seconds)
rank 12: whole code: 0.027853 seconds (of which loop took 0.027831 seconds)
rank 13: whole code: 0.028266 seconds (of which loop took 0.028244 seconds)
rank 14: whole code: 0.043000 seconds (of which loop took 0.042970 seconds)
rank 15: whole code: 0.028318 seconds (of which loop took 0.028296 seconds)
rank 16: whole code: 0.042967 seconds (of which loop took 0.042939 seconds)
rank 17: whole code: 0.028132 seconds (of which loop took 0.028109 seconds)
rank 18: whole code: 0.027935 seconds (of which loop took 0.027911 seconds)
rank 19: whole code: 0.043078 seconds (of which loop took 0.043049 seconds)
rank 20: whole code: 0.027833 seconds (of which loop took 0.027811 seconds)
rank 21: whole code: 0.043080 seconds (of which loop took 0.043049 seconds)
rank 22: whole code: 0.027855 seconds (of which loop took 0.027821 seconds)
rank 23: whole code: 0.027950 seconds (of which loop took 0.027927 seconds)
rank 24: whole code: 0.043074 seconds (of which loop took 0.043039 seconds)
rank 25: whole code: 0.027863 seconds (of which loop took 0.027838 seconds)
rank 26: whole code: 0.027858 seconds (of which loop took 0.027835 seconds)
rank 27: whole code: 0.028148 seconds (of which loop took 0.028124 seconds)
rank 28: whole code: 0.028008 seconds (of which loop took 0.027984 seconds)
rank 29: whole code: 0.027835 seconds (of which loop took 0.027811 seconds)
rank 30: whole code: 0.027888 seconds (of which loop took 0.027864 seconds)
rank 31: whole code: 0.027820 seconds (of which loop took 0.027796 seconds)
rank 32: whole code: 0.043081 seconds (of which loop took 0.043049 seconds)
rank 33: whole code: 0.028142 seconds (of which loop took 0.028119 seconds)
Running mpi_quad.exe with 35 MPI processes
rank 0: whole code: 0.042717 seconds (of which loop took 0.040019 seconds)
rank 1: whole code: 0.026981 seconds (of which loop took 0.026960 seconds)
rank 2: whole code: 0.027085 seconds (of which loop took 0.027063 seconds)
rank 3: whole code: 0.027060 seconds (of which loop took 0.027039 seconds)
rank 4: whole code: 0.027155 seconds (of which loop took 0.027133 seconds)
rank 5: whole code: 0.027077 seconds (of which loop took 0.027055 seconds)
rank 6: whole code: 0.026946 seconds (of which loop took 0.026924 seconds)
rank 7: whole code: 0.027025 seconds (of which loop took 0.027004 seconds)
rank 8: whole code: 0.027652 seconds (of which loop took 0.027629 seconds)
rank 9: whole code: 0.027021 seconds (of which loop took 0.026997 seconds)
rank 10: whole code: 0.027092 seconds (of which loop took 0.027069 seconds)
rank 11: whole code: 0.027024 seconds (of which loop took 0.027003 seconds)
rank 12: whole code: 0.027205 seconds (of which loop took 0.027184 seconds)
rank 13: whole code: 0.027082 seconds (of which loop took 0.027061 seconds)
rank 14: whole code: 0.027595 seconds (of which loop took 0.027573 seconds)
rank 15: whole code: 0.029223 seconds (of which loop took 0.029196 seconds)
rank 16: whole code: 0.026962 seconds (of which loop took 0.026940 seconds)
rank 17: whole code: 0.027042 seconds (of which loop took 0.027007 seconds)
rank 18: whole code: 0.042002 seconds (of which loop took 0.041971 seconds)
rank 19: whole code: 0.027630 seconds (of which loop took 0.027608 seconds)
rank 20: whole code: 0.041926 seconds (of which loop took 0.041896 seconds)
rank 21: whole code: 0.041989 seconds (of which loop took 0.041961 seconds)
rank 22: whole code: 0.042121 seconds (of which loop took 0.042090 seconds)
rank 23: whole code: 0.042054 seconds (of which loop took 0.042023 seconds)
rank 24: whole code: 0.028046 seconds (of which loop took 0.028024 seconds)
rank 25: whole code: 0.027603 seconds (of which loop took 0.027578 seconds)
rank 26: whole code: 0.027505 seconds (of which loop took 0.027478 seconds)
rank 27: whole code: 0.027991 seconds (of which loop took 0.027968 seconds)
rank 28: whole code: 0.041998 seconds (of which loop took 0.041967 seconds)
rank 29: whole code: 0.027664 seconds (of which loop took 0.027638 seconds)
rank 30: whole code: 0.028588 seconds (of which loop took 0.028564 seconds)
rank 31: whole code: 0.027926 seconds (of which loop took 0.027901 seconds)
rank 32: whole code: 0.041861 seconds (of which loop took 0.041831 seconds)
rank 33: whole code: 0.041840 seconds (of which loop took 0.041810 seconds)
rank 34: whole code: 0.041992 seconds (of which loop took 0.041961 seconds)
Running mpi_quad.exe with 36 MPI processes
rank 0: whole code: 0.044071 seconds (of which loop took 0.037193 seconds)
rank 1: whole code: 0.027096 seconds (of which loop took 0.027075 seconds)
rank 2: whole code: 0.027284 seconds (of which loop took 0.027263 seconds)
rank 3: whole code: 0.027457 seconds (of which loop took 0.027435 seconds)
rank 4: whole code: 0.027421 seconds (of which loop took 0.027400 seconds)
rank 5: whole code: 0.027206 seconds (of which loop took 0.027185 seconds)
rank 6: whole code: 0.027196 seconds (of which loop took 0.027175 seconds)
rank 7: whole code: 0.027155 seconds (of which loop took 0.027134 seconds)
rank 8: whole code: 0.027531 seconds (of which loop took 0.027509 seconds)
rank 9: whole code: 0.027230 seconds (of which loop took 0.027206 seconds)
rank 10: whole code: 0.040770 seconds (of which loop took 0.040739 seconds)
rank 11: whole code: 0.030272 seconds (of which loop took 0.030247 seconds)
rank 12: whole code: 0.027278 seconds (of which loop took 0.027255 seconds)
rank 13: whole code: 0.027410 seconds (of which loop took 0.027388 seconds)
rank 14: whole code: 0.027276 seconds (of which loop took 0.027255 seconds)
rank 15: whole code: 0.027133 seconds (of which loop took 0.027099 seconds)
rank 16: whole code: 0.027424 seconds (of which loop took 0.027402 seconds)
rank 17: whole code: 0.027402 seconds (of which loop took 0.027377 seconds)
rank 18: whole code: 0.030361 seconds (of which loop took 0.030334 seconds)
rank 19: whole code: 0.029347 seconds (of which loop took 0.029324 seconds)
rank 20: whole code: 0.028204 seconds (of which loop took 0.028182 seconds)
rank 21: whole code: 0.028336 seconds (of which loop took 0.028313 seconds)
rank 22: whole code: 0.042787 seconds (of which loop took 0.042755 seconds)
rank 23: whole code: 0.042901 seconds (of which loop took 0.042867 seconds)
rank 24: whole code: 0.028221 seconds (of which loop took 0.028191 seconds)
rank 25: whole code: 0.040756 seconds (of which loop took 0.040725 seconds)
rank 26: whole code: 0.028541 seconds (of which loop took 0.028517 seconds)
rank 27: whole code: 0.040697 seconds (of which loop took 0.040665 seconds)
rank 28: whole code: 0.040755 seconds (of which loop took 0.040724 seconds)
rank 29: whole code: 0.031722 seconds (of which loop took 0.031695 seconds)
rank 30: whole code: 0.028197 seconds (of which loop took 0.028173 seconds)
rank 31: whole code: 0.030354 seconds (of which loop took 0.030329 seconds)
rank 32: whole code: 0.029213 seconds (of which loop took 0.029190 seconds)
rank 33: whole code: 0.028502 seconds (of which loop took 0.028478 seconds)
rank 34: whole code: 0.040756 seconds (of which loop took 0.040724 seconds)
rank 35: whole code: 0.028464 seconds (of which loop took 0.028435 seconds)
Running mpi_quad.exe with 37 MPI processes
rank 0: whole code: 0.040926 seconds (of which loop took 0.034619 seconds)
rank 1: whole code: 0.026364 seconds (of which loop took 0.026342 seconds)
rank 2: whole code: 0.039946 seconds (of which loop took 0.039917 seconds)
rank 3: whole code: 0.027062 seconds (of which loop took 0.027039 seconds)
rank 4: whole code: 0.025912 seconds (of which loop took 0.025886 seconds)
rank 5: whole code: 0.026618 seconds (of which loop took 0.026597 seconds)
rank 6: whole code: 0.025979 seconds (of which loop took 0.025955 seconds)
rank 7: whole code: 0.039428 seconds (of which loop took 0.039398 seconds)
rank 8: whole code: 0.026936 seconds (of which loop took 0.026911 seconds)
rank 9: whole code: 0.039956 seconds (of which loop took 0.039925 seconds)
rank 10: whole code: 0.026933 seconds (of which loop took 0.026910 seconds)
rank 11: whole code: 0.026225 seconds (of which loop took 0.026198 seconds)
rank 12: whole code: 0.026029 seconds (of which loop took 0.026007 seconds)
rank 13: whole code: 0.026296 seconds (of which loop took 0.026274 seconds)
rank 14: whole code: 0.025820 seconds (of which loop took 0.025793 seconds)
rank 15: whole code: 0.027042 seconds (of which loop took 0.027020 seconds)
rank 16: whole code: 0.025879 seconds (of which loop took 0.025857 seconds)
rank 17: whole code: 0.025976 seconds (of which loop took 0.025954 seconds)
rank 18: whole code: 0.025669 seconds (of which loop took 0.025646 seconds)
rank 19: whole code: 0.026209 seconds (of which loop took 0.026187 seconds)
rank 20: whole code: 0.025940 seconds (of which loop took 0.025916 seconds)
rank 21: whole code: 0.039992 seconds (of which loop took 0.039962 seconds)
rank 22: whole code: 0.027115 seconds (of which loop took 0.027091 seconds)
rank 23: whole code: 0.040034 seconds (of which loop took 0.040002 seconds)
rank 24: whole code: 0.040016 seconds (of which loop took 0.039984 seconds)
rank 25: whole code: 0.025838 seconds (of which loop took 0.025815 seconds)
rank 26: whole code: 0.025938 seconds (of which loop took 0.025915 seconds)
rank 27: whole code: 0.039942 seconds (of which loop took 0.039909 seconds)
rank 28: whole code: 0.040018 seconds (of which loop took 0.039987 seconds)
rank 29: whole code: 0.026159 seconds (of which loop took 0.026134 seconds)
rank 30: whole code: 0.025942 seconds (of which loop took 0.025917 seconds)
rank 31: whole code: 0.027077 seconds (of which loop took 0.027052 seconds)
rank 32: whole code: 0.025861 seconds (of which loop took 0.025839 seconds)
rank 33: whole code: 0.025903 seconds (of which loop took 0.025870 seconds)
rank 34: whole code: 0.026307 seconds (of which loop took 0.026283 seconds)
rank 35: whole code: 0.026042 seconds (of which loop took 0.026016 seconds)
rank 36: whole code: 0.039468 seconds (of which loop took 0.039435 seconds)
Running mpi_quad.exe with 38 MPI processes
rank 0: whole code: 0.039513 seconds (of which loop took 0.035425 seconds)
rank 1: whole code: 0.025205 seconds (of which loop took 0.025183 seconds)
rank 2: whole code: 0.038826 seconds (of which loop took 0.038797 seconds)
rank 3: whole code: 0.025487 seconds (of which loop took 0.025466 seconds)
rank 4: whole code: 0.025254 seconds (of which loop took 0.025233 seconds)
rank 5: whole code: 0.025514 seconds (of which loop took 0.025491 seconds)
rank 6: whole code: 0.025465 seconds (of which loop took 0.025439 seconds)
rank 7: whole code: 0.025708 seconds (of which loop took 0.025686 seconds)
rank 8: whole code: 0.038816 seconds (of which loop took 0.038785 seconds)
rank 9: whole code: 0.025505 seconds (of which loop took 0.025475 seconds)
rank 10: whole code: 0.026684 seconds (of which loop took 0.026660 seconds)
rank 11: whole code: 0.025546 seconds (of which loop took 0.025522 seconds)
rank 12: whole code: 0.025760 seconds (of which loop took 0.025739 seconds)
rank 13: whole code: 0.025555 seconds (of which loop took 0.025533 seconds)
rank 14: whole code: 0.025249 seconds (of which loop took 0.025227 seconds)
rank 15: whole code: 0.025455 seconds (of which loop took 0.025433 seconds)
rank 16: whole code: 0.038811 seconds (of which loop took 0.038782 seconds)
rank 17: whole code: 0.025696 seconds (of which loop took 0.025675 seconds)
rank 18: whole code: 0.025436 seconds (of which loop took 0.025415 seconds)
rank 19: whole code: 0.025180 seconds (of which loop took 0.025158 seconds)
rank 20: whole code: 0.025101 seconds (of which loop took 0.025076 seconds)
rank 21: whole code: 0.025100 seconds (of which loop took 0.025079 seconds)
rank 22: whole code: 0.026104 seconds (of which loop took 0.026078 seconds)
rank 23: whole code: 0.038906 seconds (of which loop took 0.038874 seconds)
rank 24: whole code: 0.027648 seconds (of which loop took 0.027622 seconds)
rank 25: whole code: 0.037909 seconds (of which loop took 0.037877 seconds)
rank 26: whole code: 0.025513 seconds (of which loop took 0.025490 seconds)
rank 27: whole code: 0.025804 seconds (of which loop took 0.025778 seconds)
rank 28: whole code: 0.025507 seconds (of which loop took 0.025484 seconds)
rank 29: whole code: 0.027756 seconds (of which loop took 0.027733 seconds)
rank 30: whole code: 0.025805 seconds (of which loop took 0.025780 seconds)
rank 31: whole code: 0.025467 seconds (of which loop took 0.025442 seconds)
rank 32: whole code: 0.024987 seconds (of which loop took 0.024952 seconds)
rank 33: whole code: 0.027757 seconds (of which loop took 0.027733 seconds)
rank 34: whole code: 0.038871 seconds (of which loop took 0.038840 seconds)
rank 35: whole code: 0.026766 seconds (of which loop took 0.026740 seconds)
rank 36: whole code: 0.038868 seconds (of which loop took 0.038836 seconds)
rank 37: whole code: 0.025252 seconds (of which loop took 0.025229 seconds)
Running mpi_quad.exe with 39 MPI processes
rank 0: whole code: 0.030660 seconds (of which loop took 0.024720 seconds)
rank 1: whole code: 0.024190 seconds (of which loop took 0.024165 seconds)
rank 2: whole code: 0.024203 seconds (of which loop took 0.024181 seconds)
rank 3: whole code: 0.024201 seconds (of which loop took 0.024178 seconds)
rank 4: whole code: 0.024215 seconds (of which loop took 0.024195 seconds)
rank 5: whole code: 0.024206 seconds (of which loop took 0.024184 seconds)
rank 6: whole code: 0.024219 seconds (of which loop took 0.024198 seconds)
rank 7: whole code: 0.024204 seconds (of which loop took 0.024179 seconds)
rank 8: whole code: 0.024210 seconds (of which loop took 0.024188 seconds)
rank 9: whole code: 0.024204 seconds (of which loop took 0.024184 seconds)
rank 10: whole code: 0.024205 seconds (of which loop took 0.024180 seconds)
rank 11: whole code: 0.024195 seconds (of which loop took 0.024173 seconds)
rank 12: whole code: 0.027327 seconds (of which loop took 0.027303 seconds)
rank 13: whole code: 0.024195 seconds (of which loop took 0.024172 seconds)
rank 14: whole code: 0.024196 seconds (of which loop took 0.024174 seconds)
rank 15: whole code: 0.024189 seconds (of which loop took 0.024167 seconds)
rank 16: whole code: 0.024194 seconds (of which loop took 0.024167 seconds)
rank 17: whole code: 0.024195 seconds (of which loop took 0.024171 seconds)
rank 18: whole code: 0.024193 seconds (of which loop took 0.024172 seconds)
rank 19: whole code: 0.024225 seconds (of which loop took 0.024204 seconds)
rank 20: whole code: 0.024224 seconds (of which loop took 0.024178 seconds)
rank 21: whole code: 0.027739 seconds (of which loop took 0.027716 seconds)
rank 22: whole code: 0.027728 seconds (of which loop took 0.027703 seconds)
rank 23: whole code: 0.028372 seconds (of which loop took 0.028347 seconds)
rank 24: whole code: 0.027708 seconds (of which loop took 0.027684 seconds)
rank 25: whole code: 0.026352 seconds (of which loop took 0.026328 seconds)
rank 26: whole code: 0.024783 seconds (of which loop took 0.024758 seconds)
rank 27: whole code: 0.025380 seconds (of which loop took 0.025357 seconds)
rank 28: whole code: 0.025350 seconds (of which loop took 0.025327 seconds)
rank 29: whole code: 0.024225 seconds (of which loop took 0.024180 seconds)
rank 30: whole code: 0.024311 seconds (of which loop took 0.024285 seconds)
rank 31: whole code: 0.025385 seconds (of which loop took 0.025361 seconds)
rank 32: whole code: 0.024331 seconds (of which loop took 0.024305 seconds)
rank 33: whole code: 0.025395 seconds (of which loop took 0.025370 seconds)
rank 34: whole code: 0.026676 seconds (of which loop took 0.026652 seconds)
rank 35: whole code: 0.024186 seconds (of which loop took 0.024163 seconds)
rank 36: whole code: 0.024188 seconds (of which loop took 0.024166 seconds)
rank 37: whole code: 0.024267 seconds (of which loop took 0.024243 seconds)
rank 38: whole code: 0.030080 seconds (of which loop took 0.030054 seconds)
Running mpi_quad.exe with 40 MPI processes
rank 0: whole code: 0.027939 seconds (of which loop took 0.023573 seconds)
rank 1: whole code: 0.023656 seconds (of which loop took 0.023635 seconds)
rank 2: whole code: 0.026567 seconds (of which loop took 0.026544 seconds)
rank 3: whole code: 0.025750 seconds (of which loop took 0.025727 seconds)
rank 4: whole code: 0.023577 seconds (of which loop took 0.023555 seconds)
rank 5: whole code: 0.023574 seconds (of which loop took 0.023552 seconds)
rank 6: whole code: 0.026362 seconds (of which loop took 0.026341 seconds)
rank 7: whole code: 0.025737 seconds (of which loop took 0.025715 seconds)
rank 8: whole code: 0.023579 seconds (of which loop took 0.023558 seconds)
rank 9: whole code: 0.023573 seconds (of which loop took 0.023552 seconds)
rank 10: whole code: 0.026836 seconds (of which loop took 0.026814 seconds)
rank 11: whole code: 0.023472 seconds (of which loop took 0.023447 seconds)
rank 12: whole code: 0.023583 seconds (of which loop took 0.023561 seconds)
rank 13: whole code: 0.023584 seconds (of which loop took 0.023555 seconds)
rank 14: whole code: 0.023585 seconds (of which loop took 0.023562 seconds)
rank 15: whole code: 0.023572 seconds (of which loop took 0.023551 seconds)
rank 16: whole code: 0.023568 seconds (of which loop took 0.023546 seconds)
rank 17: whole code: 0.023572 seconds (of which loop took 0.023552 seconds)
rank 18: whole code: 0.023573 seconds (of which loop took 0.023551 seconds)
rank 19: whole code: 0.023562 seconds (of which loop took 0.023541 seconds)
rank 20: whole code: 0.023585 seconds (of which loop took 0.023563 seconds)
rank 21: whole code: 0.023584 seconds (of which loop took 0.023562 seconds)
rank 22: whole code: 0.023591 seconds (of which loop took 0.023566 seconds)
rank 23: whole code: 0.023620 seconds (of which loop took 0.023595 seconds)
rank 24: whole code: 0.025970 seconds (of which loop took 0.025946 seconds)
rank 25: whole code: 0.023590 seconds (of which loop took 0.023568 seconds)
rank 26: whole code: 0.023625 seconds (of which loop took 0.023602 seconds)
rank 27: whole code: 0.023602 seconds (of which loop took 0.023579 seconds)
rank 28: whole code: 0.023605 seconds (of which loop took 0.023571 seconds)
rank 29: whole code: 0.025357 seconds (of which loop took 0.025331 seconds)
rank 30: whole code: 0.023597 seconds (of which loop took 0.023571 seconds)
rank 31: whole code: 0.023495 seconds (of which loop took 0.023471 seconds)
rank 32: whole code: 0.023600 seconds (of which loop took 0.023577 seconds)
rank 33: whole code: 0.023570 seconds (of which loop took 0.023548 seconds)
rank 34: whole code: 0.023597 seconds (of which loop took 0.023575 seconds)
rank 35: whole code: 0.023579 seconds (of which loop took 0.023556 seconds)
rank 36: whole code: 0.023481 seconds (of which loop took 0.023458 seconds)
rank 37: whole code: 0.023557 seconds (of which loop took 0.023535 seconds)
rank 38: whole code: 0.023591 seconds (of which loop took 0.023569 seconds)
rank 39: whole code: 0.027116 seconds (of which loop took 0.027090 seconds)
